nohup: ignoring input
INFO:     Will watch for changes in these directories: ['/home/zf-li23/yangxueruilab/PubMed_Spatial_Tracker/web_app']
INFO:     Uvicorn running on http://0.0.0.0:8000 (Press CTRL+C to quit)
INFO:     Started reloader process [7981] using StatReload
INFO:     Started server process [8009]
INFO:     Waiting for application startup.
INFO:     Application startup complete.
INFO:     127.0.0.1:39286 - "GET / HTTP/1.1" 304 Not Modified
INFO:     127.0.0.1:39284 - "GET /assets/index-Bdtuko6w.css HTTP/1.1" 304 Not Modified
INFO:     127.0.0.1:39286 - "GET /assets/index-ac7cPvUS.js HTTP/1.1" 304 Not Modified
INFO:     127.0.0.1:39286 - "GET /api/tags HTTP/1.1" 500 Internal Server Error
ERROR:    Exception in ASGI application
Traceback (most recent call last):
  File "/home/zf-li23/miniconda3/envs/zf-li23/lib/python3.13/site-packages/uvicorn/protocols/http/h11_impl.py", line 410, in run_asgi
    result = await app(  # type: ignore[func-returns-value]
             ^^^^^^^^^^^^^^^^^^^^^^^^^^^^^^^^^^^^^^^^^^^^^^
        self.scope, self.receive, self.send
        ^^^^^^^^^^^^^^^^^^^^^^^^^^^^^^^^^^^
    )
    ^
  File "/home/zf-li23/miniconda3/envs/zf-li23/lib/python3.13/site-packages/uvicorn/middleware/proxy_headers.py", line 60, in __call__
    return await self.app(scope, receive, send)
           ^^^^^^^^^^^^^^^^^^^^^^^^^^^^^^^^^^^^
  File "/home/zf-li23/miniconda3/envs/zf-li23/lib/python3.13/site-packages/fastapi/applications.py", line 1134, in __call__
    await super().__call__(scope, receive, send)
  File "/home/zf-li23/miniconda3/envs/zf-li23/lib/python3.13/site-packages/starlette/applications.py", line 107, in __call__
    await self.middleware_stack(scope, receive, send)
  File "/home/zf-li23/miniconda3/envs/zf-li23/lib/python3.13/site-packages/starlette/middleware/errors.py", line 186, in __call__
    raise exc
  File "/home/zf-li23/miniconda3/envs/zf-li23/lib/python3.13/site-packages/starlette/middleware/errors.py", line 164, in __call__
    await self.app(scope, receive, _send)
  File "/home/zf-li23/miniconda3/envs/zf-li23/lib/python3.13/site-packages/starlette/middleware/cors.py", line 87, in __call__
    await self.app(scope, receive, send)
  File "/home/zf-li23/miniconda3/envs/zf-li23/lib/python3.13/site-packages/starlette/middleware/exceptions.py", line 63, in __call__
    await wrap_app_handling_exceptions(self.app, conn)(scope, receive, send)
  File "/home/zf-li23/miniconda3/envs/zf-li23/lib/python3.13/site-packages/starlette/_exception_handler.py", line 53, in wrapped_app
    raise exc
  File "/home/zf-li23/miniconda3/envs/zf-li23/lib/python3.13/site-packages/starlette/_exception_handler.py", line 42, in wrapped_app
    await app(scope, receive, sender)
  File "/home/zf-li23/miniconda3/envs/zf-li23/lib/python3.13/site-packages/fastapi/middleware/asyncexitstack.py", line 18, in __call__
    await self.app(scope, receive, send)
  File "/home/zf-li23/miniconda3/envs/zf-li23/lib/python3.13/site-packages/starlette/routing.py", line 716, in __call__
    await self.middleware_stack(scope, receive, send)
  File "/home/zf-li23/miniconda3/envs/zf-li23/lib/python3.13/site-packages/starlette/routing.py", line 736, in app
    await route.handle(scope, receive, send)
  File "/home/zf-li23/miniconda3/envs/zf-li23/lib/python3.13/site-packages/starlette/routing.py", line 290, in handle
    await self.app(scope, receive, send)
  File "/home/zf-li23/miniconda3/envs/zf-li23/lib/python3.13/site-packages/fastapi/routing.py", line 119, in app
    await wrap_app_handling_exceptions(app, request)(scope, receive, send)
  File "/home/zf-li23/miniconda3/envs/zf-li23/lib/python3.13/site-packages/starlette/_exception_handler.py", line 53, in wrapped_app
    raise exc
  File "/home/zf-li23/miniconda3/envs/zf-li23/lib/python3.13/site-packages/starlette/_exception_handler.py", line 42, in wrapped_app
    await app(scope, receive, sender)
  File "/home/zf-li23/miniconda3/envs/zf-li23/lib/python3.13/site-packages/fastapi/routing.py", line 105, in app
    response = await f(request)
               ^^^^^^^^^^^^^^^^
  File "/home/zf-li23/miniconda3/envs/zf-li23/lib/python3.13/site-packages/fastapi/routing.py", line 424, in app
    raw_response = await run_endpoint_function(
                   ^^^^^^^^^^^^^^^^^^^^^^^^^^^^
    ...<3 lines>...
    )
    ^
  File "/home/zf-li23/miniconda3/envs/zf-li23/lib/python3.13/site-packages/fastapi/routing.py", line 314, in run_endpoint_function
    return await run_in_threadpool(dependant.call, **values)
           ^^^^^^^^^^^^^^^^^^^^^^^^^^^^^^^^^^^^^^^^^^^^^^^^^
  File "/home/zf-li23/miniconda3/envs/zf-li23/lib/python3.13/site-packages/starlette/concurrency.py", line 32, in run_in_threadpool
    return await anyio.to_thread.run_sync(func)
           ^^^^^^^^^^^^^^^^^^^^^^^^^^^^^^^^^^^^
  File "/home/zf-li23/miniconda3/envs/zf-li23/lib/python3.13/site-packages/anyio/to_thread.py", line 63, in run_sync
    return await get_async_backend().run_sync_in_worker_thread(
           ^^^^^^^^^^^^^^^^^^^^^^^^^^^^^^^^^^^^^^^^^^^^^^^^^^^^
        func, args, abandon_on_cancel=abandon_on_cancel, limiter=limiter
        ^^^^^^^^^^^^^^^^^^^^^^^^^^^^^^^^^^^^^^^^^^^^^^^^^^^^^^^^^^^^^^^^
    )
    ^
  File "/home/zf-li23/miniconda3/envs/zf-li23/lib/python3.13/site-packages/anyio/_backends/_asyncio.py", line 2502, in run_sync_in_worker_thread
    return await future
           ^^^^^^^^^^^^
  File "/home/zf-li23/miniconda3/envs/zf-li23/lib/python3.13/site-packages/anyio/_backends/_asyncio.py", line 986, in run
    result = context.run(func, *args)
  File "/home/zf-li23/yangxueruilab/PubMed_Spatial_Tracker/web_app/app.py", line 541, in get_tags
    tags_path = os.path.join(PROJECT_ROOT, "tags.json")
                             ^^^^^^^^^^^^
NameError: name 'PROJECT_ROOT' is not defined
INFO:     127.0.0.1:39284 - "GET /api/articles HTTP/1.1" 200 OK
INFO:     127.0.0.1:32782 - "GET / HTTP/1.1" 304 Not Modified
INFO:     127.0.0.1:32782 - "GET /assets/index-ac7cPvUS.js HTTP/1.1" 304 Not Modified
INFO:     127.0.0.1:32792 - "GET /assets/index-Bdtuko6w.css HTTP/1.1" 304 Not Modified
INFO:     127.0.0.1:32782 - "GET /api/tags HTTP/1.1" 500 Internal Server Error
ERROR:    Exception in ASGI application
Traceback (most recent call last):
  File "/home/zf-li23/miniconda3/envs/zf-li23/lib/python3.13/site-packages/uvicorn/protocols/http/h11_impl.py", line 410, in run_asgi
    result = await app(  # type: ignore[func-returns-value]
             ^^^^^^^^^^^^^^^^^^^^^^^^^^^^^^^^^^^^^^^^^^^^^^
        self.scope, self.receive, self.send
        ^^^^^^^^^^^^^^^^^^^^^^^^^^^^^^^^^^^
    )
    ^
  File "/home/zf-li23/miniconda3/envs/zf-li23/lib/python3.13/site-packages/uvicorn/middleware/proxy_headers.py", line 60, in __call__
    return await self.app(scope, receive, send)
           ^^^^^^^^^^^^^^^^^^^^^^^^^^^^^^^^^^^^
  File "/home/zf-li23/miniconda3/envs/zf-li23/lib/python3.13/site-packages/fastapi/applications.py", line 1134, in __call__
    await super().__call__(scope, receive, send)
  File "/home/zf-li23/miniconda3/envs/zf-li23/lib/python3.13/site-packages/starlette/applications.py", line 107, in __call__
    await self.middleware_stack(scope, receive, send)
  File "/home/zf-li23/miniconda3/envs/zf-li23/lib/python3.13/site-packages/starlette/middleware/errors.py", line 186, in __call__
    raise exc
  File "/home/zf-li23/miniconda3/envs/zf-li23/lib/python3.13/site-packages/starlette/middleware/errors.py", line 164, in __call__
    await self.app(scope, receive, _send)
  File "/home/zf-li23/miniconda3/envs/zf-li23/lib/python3.13/site-packages/starlette/middleware/cors.py", line 87, in __call__
    await self.app(scope, receive, send)
  File "/home/zf-li23/miniconda3/envs/zf-li23/lib/python3.13/site-packages/starlette/middleware/exceptions.py", line 63, in __call__
    await wrap_app_handling_exceptions(self.app, conn)(scope, receive, send)
  File "/home/zf-li23/miniconda3/envs/zf-li23/lib/python3.13/site-packages/starlette/_exception_handler.py", line 53, in wrapped_app
    raise exc
  File "/home/zf-li23/miniconda3/envs/zf-li23/lib/python3.13/site-packages/starlette/_exception_handler.py", line 42, in wrapped_app
    await app(scope, receive, sender)
  File "/home/zf-li23/miniconda3/envs/zf-li23/lib/python3.13/site-packages/fastapi/middleware/asyncexitstack.py", line 18, in __call__
    await self.app(scope, receive, send)
  File "/home/zf-li23/miniconda3/envs/zf-li23/lib/python3.13/site-packages/starlette/routing.py", line 716, in __call__
    await self.middleware_stack(scope, receive, send)
  File "/home/zf-li23/miniconda3/envs/zf-li23/lib/python3.13/site-packages/starlette/routing.py", line 736, in app
    await route.handle(scope, receive, send)
  File "/home/zf-li23/miniconda3/envs/zf-li23/lib/python3.13/site-packages/starlette/routing.py", line 290, in handle
    await self.app(scope, receive, send)
  File "/home/zf-li23/miniconda3/envs/zf-li23/lib/python3.13/site-packages/fastapi/routing.py", line 119, in app
    await wrap_app_handling_exceptions(app, request)(scope, receive, send)
  File "/home/zf-li23/miniconda3/envs/zf-li23/lib/python3.13/site-packages/starlette/_exception_handler.py", line 53, in wrapped_app
    raise exc
  File "/home/zf-li23/miniconda3/envs/zf-li23/lib/python3.13/site-packages/starlette/_exception_handler.py", line 42, in wrapped_app
    await app(scope, receive, sender)
  File "/home/zf-li23/miniconda3/envs/zf-li23/lib/python3.13/site-packages/fastapi/routing.py", line 105, in app
    response = await f(request)
               ^^^^^^^^^^^^^^^^
  File "/home/zf-li23/miniconda3/envs/zf-li23/lib/python3.13/site-packages/fastapi/routing.py", line 424, in app
    raw_response = await run_endpoint_function(
                   ^^^^^^^^^^^^^^^^^^^^^^^^^^^^
    ...<3 lines>...
    )
    ^
  File "/home/zf-li23/miniconda3/envs/zf-li23/lib/python3.13/site-packages/fastapi/routing.py", line 314, in run_endpoint_function
    return await run_in_threadpool(dependant.call, **values)
           ^^^^^^^^^^^^^^^^^^^^^^^^^^^^^^^^^^^^^^^^^^^^^^^^^
  File "/home/zf-li23/miniconda3/envs/zf-li23/lib/python3.13/site-packages/starlette/concurrency.py", line 32, in run_in_threadpool
    return await anyio.to_thread.run_sync(func)
           ^^^^^^^^^^^^^^^^^^^^^^^^^^^^^^^^^^^^
  File "/home/zf-li23/miniconda3/envs/zf-li23/lib/python3.13/site-packages/anyio/to_thread.py", line 63, in run_sync
    return await get_async_backend().run_sync_in_worker_thread(
           ^^^^^^^^^^^^^^^^^^^^^^^^^^^^^^^^^^^^^^^^^^^^^^^^^^^^
        func, args, abandon_on_cancel=abandon_on_cancel, limiter=limiter
        ^^^^^^^^^^^^^^^^^^^^^^^^^^^^^^^^^^^^^^^^^^^^^^^^^^^^^^^^^^^^^^^^
    )
    ^
  File "/home/zf-li23/miniconda3/envs/zf-li23/lib/python3.13/site-packages/anyio/_backends/_asyncio.py", line 2502, in run_sync_in_worker_thread
    return await future
           ^^^^^^^^^^^^
  File "/home/zf-li23/miniconda3/envs/zf-li23/lib/python3.13/site-packages/anyio/_backends/_asyncio.py", line 986, in run
    result = context.run(func, *args)
  File "/home/zf-li23/yangxueruilab/PubMed_Spatial_Tracker/web_app/app.py", line 541, in get_tags
    tags_path = os.path.join(PROJECT_ROOT, "tags.json")
                             ^^^^^^^^^^^^
NameError: name 'PROJECT_ROOT' is not defined
INFO:     127.0.0.1:32792 - "GET /api/articles HTTP/1.1" 200 OK
WARNING:  StatReload detected changes in 'fix_app_colors.py'. Reloading...
INFO:     Shutting down
INFO:     Waiting for application shutdown.
INFO:     Application shutdown complete.
INFO:     Finished server process [8009]
INFO:     Started server process [10457]
INFO:     Waiting for application startup.
INFO:     Application startup complete.
WARNING:  StatReload detected changes in 'fix_app_colors.py'. Reloading...
INFO:     Shutting down
INFO:     Waiting for application shutdown.
INFO:     Application shutdown complete.
INFO:     Finished server process [10457]
INFO:     Started server process [10564]
INFO:     Waiting for application startup.
INFO:     Application startup complete.
WARNING:  StatReload detected changes in 'fix_app_colors.py'. Reloading...
INFO:     Shutting down
INFO:     Waiting for application shutdown.
INFO:     Application shutdown complete.
INFO:     Finished server process [10564]
INFO:     Started server process [10831]
INFO:     Waiting for application startup.
INFO:     Application startup complete.
WARNING:  StatReload detected changes in 'fix_app_colors.py'. Reloading...
INFO:     Shutting down
INFO:     Waiting for application shutdown.
INFO:     Application shutdown complete.
INFO:     Finished server process [10831]
INFO:     Started server process [10942]
INFO:     Waiting for application startup.
INFO:     Application startup complete.
